<?xml version="1.0" encoding="UTF-8"?>
<!-- Generated by org.testng.reporters.JUnitXMLReporter -->
<testsuite ignored="0" hostname="LAPTOP-GDGOH5RM" failures="0" tests="1" name="Test" time="0.071" errors="0" timestamp="2025-07-04T16:59:15 IST">
  <testcase classname="testCases.BaseClass" name="@BeforeClass setup" time="-1.751628554976E9">
    <failure type="org.testng.TestNGException" message="
Parameter &amp;apos;os&amp;apos; is required by BeforeClass on method setup but has not been marked @Optional or defined
in C:\Users\kjaya\eclipse-workspace\TestProject\crossbrowsertesting.xml">
      <![CDATA[org.testng.TestNGException: 
Parameter 'os' is required by BeforeClass on method setup but has not been marked @Optional or defined
in C:\Users\kjaya\eclipse-workspace\TestProject\crossbrowsertesting.xml
at java.base/java.util.ArrayList.forEach(ArrayList.java:1511)
... Removed 22 stack frames]]>
    </failure>
  </testcase> <!-- @BeforeClass setup -->
  <testcase classname="testCases.BaseClass" name="@AfterClass teardown" time="0.0">
    <skipped/>
  </testcase> <!-- @AfterClass teardown -->
  <testcase classname="testCases.TC_001_RegistrationTest" name="test_001" time="0.0">
    <skipped/>
  </testcase> <!-- test_001 -->
</testsuite> <!-- Test -->
